Arguments: 
  /home/gitpod/.nvm/versions/node/v16.17.1/bin/node /home/gitpod/.nvm/versions/node/v16.17.1/bin/yarn init -y

PATH: 
  /home/gitpod/.sdkman/candidates/maven/current/bin:/home/gitpod/.sdkman/candidates/java/current/bin:/home/gitpod/.sdkman/candidates/gradle/current/bin:/workspace/.cargo/bin:/home/gitpod/.rvm/gems/ruby-3.1.2/bin:/home/gitpod/.rvm/gems/ruby-3.1.2@global/bin:/home/gitpod/.rvm/rubies/ruby-3.1.2/bin:/home/gitpod/.pyenv/plugins/pyenv-virtualenv/shims:/home/gitpod/.pyenv/shims:/workspace/go/bin:/home/gitpod/.nix-profile/bin:/ide/bin/remote-cli:/home/gitpod/go/bin:/home/gitpod/go-packages/bin:/home/gitpod/.nvm/versions/node/v16.17.1/bin:/home/gitpod/.yarn/bin:/home/gitpod/.pnpm:/home/gitpod/.pyenv/bin:/workspace/.rvm/bin:/home/gitpod/.cargo/bin:/home/linuxbrew/.linuxbrew/bin:/home/linuxbrew/.linuxbrew/sbin/:/home/gitpod/.local/bin:/usr/games:/usr/local/sbin:/usr/local/bin:/usr/sbin:/usr/bin:/sbin:/bin:/home/gitpod/.nvm/versions/node/v16.17.1/bin:/home/gitpod/.rvm/bin

Yarn version: 
  1.22.19

Node version: 
  16.17.1

Platform: 
  linux x64

Trace: 
  SyntaxError: /workspace/teste/package.json: Unexpected end of JSON input
      at JSON.parse (<anonymous>)
      at /home/gitpod/.nvm/versions/node/v16.17.1/lib/node_modules/yarn/lib/cli.js:1629:59
      at Generator.next (<anonymous>)
      at step (/home/gitpod/.nvm/versions/node/v16.17.1/lib/node_modules/yarn/lib/cli.js:310:30)
      at /home/gitpod/.nvm/versions/node/v16.17.1/lib/node_modules/yarn/lib/cli.js:321:13

npm manifest: 
  

yarn manifest: 
  No manifest

Lockfile: 
  No lockfile
